<?xml version="1.0" encoding="UTF-8"?>
<!-- Generated by org.testng.reporters.JUnitXMLReporter -->
<testsuite ignored="0" hostname="VKN-CPU-0272" failures="0" tests="3" name="Default test" time="15.502" errors="0" timestamp="26 Mar 2024 11:03:24 GMT">
  <testcase classname="com.org.poi.learn.DataDriverTest" name="loginTest" time="5.528"/>
  <testcase classname="com.org.poi.learn.DataDriverTest" name="loginTest" time="0.657"/>
  <testcase classname="com.org.poi.learn.DataDriverTest" name="loginTest" time="0.59"/>
</testsuite> <!-- Default test -->
