<?xml version="1.0" encoding="UTF-8"?>
<testng-results ignored="0" total="3" passed="3" failed="0" skipped="0">
  <reporter-output>
  </reporter-output>
  <suite started-at="2024-03-26T11:03:08Z" name="Default suite" finished-at="2024-03-26T11:03:24Z" duration-ms="15502">
    <groups>
    </groups>
    <test started-at="2024-03-26T11:03:08Z" name="Default test" finished-at="2024-03-26T11:03:24Z" duration-ms="15502">
      <class name="com.org.poi.learn.DataDriverTest">
        <test-method is-config="true" signature="setUp()[pri:0, instance:com.org.poi.learn.DataDriverTest@aba625]" started-at="2024-03-26T16:33:08Z" name="setUp" finished-at="2024-03-26T16:33:16Z" duration-ms="7292" status="PASS">
          <reporter-output>
          </reporter-output>
        </test-method> <!-- setUp -->
        <test-method signature="loginTest(java.lang.String, java.lang.String, java.lang.String)[pri:1, instance:com.org.poi.learn.DataDriverTest@aba625]" started-at="2024-03-26T16:33:17Z" name="loginTest" data-provider="LoginData" finished-at="2024-03-26T16:33:22Z" duration-ms="5528" status="PASS">
          <params>
            <param index="0">
              <value>
                <![CDATA[admin@yourstore.com]]>
              </value>
            </param>
            <param index="1">
              <value>
                <![CDATA[admin]]>
              </value>
            </param>
            <param index="2">
              <value>
                <![CDATA[Valid]]>
              </value>
            </param>
          </params>
          <reporter-output>
          </reporter-output>
        </test-method> <!-- loginTest -->
        <test-method signature="loginTest(java.lang.String, java.lang.String, java.lang.String)[pri:1, instance:com.org.poi.learn.DataDriverTest@aba625]" started-at="2024-03-26T16:33:22Z" name="loginTest" data-provider="LoginData" finished-at="2024-03-26T16:33:23Z" duration-ms="657" status="PASS">
          <params>
            <param index="0">
              <value>
                <![CDATA[adm@yourstore.com]]>
              </value>
            </param>
            <param index="1">
              <value>
                <![CDATA[admin]]>
              </value>
            </param>
            <param index="2">
              <value>
                <![CDATA[Invalid]]>
              </value>
            </param>
          </params>
          <reporter-output>
          </reporter-output>
        </test-method> <!-- loginTest -->
        <test-method signature="loginTest(java.lang.String, java.lang.String, java.lang.String)[pri:1, instance:com.org.poi.learn.DataDriverTest@aba625]" started-at="2024-03-26T16:33:23Z" name="loginTest" data-provider="LoginData" finished-at="2024-03-26T16:33:24Z" duration-ms="590" status="PASS">
          <params>
            <param index="0">
              <value>
                <![CDATA[admin@yourstore.com]]>
              </value>
            </param>
            <param index="1">
              <value>
                <![CDATA[adm]]>
              </value>
            </param>
            <param index="2">
              <value>
                <![CDATA[Invalid]]>
              </value>
            </param>
          </params>
          <reporter-output>
          </reporter-output>
        </test-method> <!-- loginTest -->
        <test-method is-config="true" signature="tearDown()[pri:0, instance:com.org.poi.learn.DataDriverTest@aba625]" started-at="2024-03-26T16:33:24Z" name="tearDown" finished-at="2024-03-26T16:33:24Z" duration-ms="312" status="PASS">
          <reporter-output>
          </reporter-output>
        </test-method> <!-- tearDown -->
      </class> <!-- com.org.poi.learn.DataDriverTest -->
    </test> <!-- Default test -->
  </suite> <!-- Default suite -->
</testng-results>
